Arguments: 
  /usr/local/bin/node /opt/yarn-v1.22.4/bin/yarn.js

PATH: 
  /vue_ui/node_modules/.bin:/usr/local/sbin:/usr/local/bin:/usr/sbin:/usr/bin:/sbin:/bin

Yarn version: 
  1.22.4

Node version: 
  12.16.3

Platform: 
  linux x64

Trace: 
  Error: EROFS: read-only file system, symlink '../../../../browserslist/cli.js' -> '/vue_ui/node_modules/@babel/compat-data/node_modules/.bin/browserslist'

npm manifest: 
  {
    "name": "vue_ui",
    "version": "0.1.0",
    "private": true,
    "devDependencies": {
      "@vue/cli-plugin-babel": "~4.3.0",
      "@vue/cli-plugin-eslint": "~4.3.0",
      "@vue/cli-service": "~4.3.0"
    }
  }

yarn manifest: 
  No manifest

Lockfile: 
  No lockfile
